<?xml version="1.0" encoding="UTF-8"?>
<!-- Generated by org.testng.reporters.JUnitXMLReporter -->
<testsuite hostname="LAPTOP-TUN1U03P" ignored="0" name="Add Customer Test" tests="3" failures="0" timestamp="30 Oct 2021 16:06:39 GMT" time="0.914" errors="0">
  <testcase name="addCustomer" time="0.355" classname="AddCustomerTest"/>
  <testcase name="addCustomer" time="0.265" classname="AddCustomerTest"/>
  <testcase name="addCustomer" time="0.274" classname="AddCustomerTest"/>
</testsuite> <!-- Add Customer Test -->
